<?xml version="1.0" encoding="UTF-8"?>
<!-- Generated by org.testng.reporters.JUnitReportReporter -->
<testsuite skipped="0" hostname="WINDOWS-IL9T34B" name="GaneshBorkar.NSE.SupplerLogin2" tests="1" failures="0" timestamp="25 May 2020 14:01:55 GMT" time="5.670" errors="0">
  <testcase name="login" time="5.670" classname="GaneshBorkar.NSE.SupplerLogin2"/>
</testsuite> <!-- GaneshBorkar.NSE.SupplerLogin2 -->
