<?xml version="1.0" encoding="UTF-8"?>
<!-- Generated by org.testng.reporters.JUnitReportReporter -->
<testsuite skipped="0" hostname="WINDOWS-IL9T34B" name="GaneshBorkar.NSE.SupplerLogin" tests="4" failures="0" timestamp="25 May 2020 16:01:28 GMT" time="22.559" errors="0">
  <testcase name="SuplierLogin" time="4.626" classname="GaneshBorkar.NSE.SupplerLogin"/>
  <testcase name="login" time="8.724" classname="GaneshBorkar.NSE.SupplerLogin"/>
  <testcase name="SuplierLogin" time="4.654" classname="GaneshBorkar.NSE.SupplerLogin"/>
  <testcase name="SuplierLogin" time="4.555" classname="GaneshBorkar.NSE.SupplerLogin"/>
</testsuite> <!-- GaneshBorkar.NSE.SupplerLogin -->
