<?xml version="1.0" encoding="UTF-8"?>
<!-- Generated by org.testng.reporters.JUnitReportReporter -->
<testsuite skipped="0" hostname="WINDOWS-IL9T34B" name="GaneshBorkar.NSE.NIFTY_AllContracts" tests="3" failures="0" timestamp="20 May 2020 11:56:15 GMT" time="0.762" errors="0">
  <testcase name="getTerms_of_use" time="0.632" classname="GaneshBorkar.NSE.NIFTY_AllContracts"/>
  <testcase name="validateTitle" time="0.021" classname="GaneshBorkar.NSE.NIFTY_AllContracts"/>
  <testcase name="ValidateText" time="0.109" classname="GaneshBorkar.NSE.NIFTY_AllContracts"/>
</testsuite> <!-- GaneshBorkar.NSE.NIFTY_AllContracts -->
