<?xml version="1.0" encoding="UTF-8"?>
<!-- Generated by org.testng.reporters.JUnitReportReporter -->
<testsuite skipped="0" hostname="WINDOWS-IL9T34B" name="GaneshBorkar.NSE.PHPTRAVELS" tests="4" failures="0" timestamp="21 May 2020 14:41:52 GMT" time="10.022" errors="0">
  <testcase name="window" time="8.930" classname="GaneshBorkar.NSE.PHPTRAVELS"/>
  <testcase name="getTerms_of_use" time="0.947" classname="GaneshBorkar.NSE.PHPTRAVELS"/>
  <testcase name="ValidateText" time="0.125" classname="GaneshBorkar.NSE.PHPTRAVELS"/>
  <testcase name="validateTitle" time="0.020" classname="GaneshBorkar.NSE.PHPTRAVELS"/>
</testsuite> <!-- GaneshBorkar.NSE.PHPTRAVELS -->
