<?xml version="1.0" encoding="UTF-8"?>
<!-- Generated by org.testng.reporters.JUnitReportReporter -->
<testsuite skipped="0" hostname="WINDOWS-IL9T34B" name="GaneshBorkar.NSE.SupplerLogin" tests="4" failures="0" timestamp="25 May 2020 18:48:58 GMT" time="23.579" errors="0">
  <testcase name="login" time="9.389" classname="GaneshBorkar.NSE.SupplerLogin"/>
  <testcase name="SuplierLogin" time="4.858" classname="GaneshBorkar.NSE.SupplerLogin"/>
  <testcase name="SuplierLogin" time="4.661" classname="GaneshBorkar.NSE.SupplerLogin"/>
  <testcase name="SuplierLogin" time="4.671" classname="GaneshBorkar.NSE.SupplerLogin"/>
</testsuite> <!-- GaneshBorkar.NSE.SupplerLogin -->
