<?xml version="1.0" encoding="UTF-8"?>
<!-- Generated by org.testng.reporters.JUnitReportReporter -->
<testsuite skipped="0" hostname="WINDOWS-IL9T34B" name="GaneshBorkar.NSE.PHPTRAVELS" tests="3" failures="0" timestamp="25 May 2020 18:48:58 GMT" time="0.954" errors="0">
  <testcase name="ValidateText" time="0.107" classname="GaneshBorkar.NSE.PHPTRAVELS"/>
  <testcase name="getTerms_of_use" time="0.812" classname="GaneshBorkar.NSE.PHPTRAVELS"/>
  <testcase name="validateTitle" time="0.035" classname="GaneshBorkar.NSE.PHPTRAVELS"/>
</testsuite> <!-- GaneshBorkar.NSE.PHPTRAVELS -->
