<?xml version="1.0" encoding="UTF-8"?>
<!-- Generated by org.testng.reporters.JUnitReportReporter -->
<testsuite hostname="WINDOWS-IL9T34B" failures="0" tests="4" name="GaneshBorkar.NSE.SupplerLogin" time="22.649" errors="0" timestamp="25 May 2020 18:50:37 GMT" skipped="0">
  <testcase classname="GaneshBorkar.NSE.SupplerLogin" name="SuplierLogin" time="5.257"/>
  <testcase classname="GaneshBorkar.NSE.SupplerLogin" name="login" time="8.011"/>
  <testcase classname="GaneshBorkar.NSE.SupplerLogin" name="SuplierLogin" time="4.772"/>
  <testcase classname="GaneshBorkar.NSE.SupplerLogin" name="SuplierLogin" time="4.609"/>
</testsuite> <!-- GaneshBorkar.NSE.SupplerLogin -->
